Compiling the C compiler identification source file "CMakeCCompilerId.c" failed.
Compiler: /Library/Developer/CommandLineTools/usr/bin/cc 
Build flags: 
Id flags:  

The output was:
1
ld: library not found for -lSystem
clang: error: linker command failed with exit code 1 (use -v to see invocation)


Compiling the CXX compiler identification source file "CMakeCXXCompilerId.cpp" failed.
Compiler: /Library/Developer/CommandLineTools/usr/bin/c++ 
Build flags: 
Id flags:  

The output was:
1
ld: library not found for -lc++
clang: error: linker command failed with exit code 1 (use -v to see invocation)


The MPI test test_mpi for C in mode normal failed to compile with the following output:
Change Dir: /Users/mac/CLionProjects/OPP-Projects/lab1-version-1/cmake-build-debug/CMakeFiles/CMakeTmp

Run Build Command(s):/Applications/CLion.app/Contents/bin/ninja/mac/ninja cmTC_dcb5f && [1/2] Building C object CMakeFiles/cmTC_dcb5f.dir/test_mpi.c.o
FAILED: CMakeFiles/cmTC_dcb5f.dir/test_mpi.c.o 
/Library/Developer/CommandLineTools/usr/bin/cc   -isysroot /Library/Developer/CommandLineTools/SDKs/MacOSX11.3.sdk -fcolor-diagnostics -MD -MT CMakeFiles/cmTC_dcb5f.dir/test_mpi.c.o -MF CMakeFiles/cmTC_dcb5f.dir/test_mpi.c.o.d -o CMakeFiles/cmTC_dcb5f.dir/test_mpi.c.o -c /Applications/CLion.app/Contents/bin/cmake/mac/share/cmake-3.24/Modules/FindMPI/test_mpi.c
/Applications/CLion.app/Contents/bin/cmake/mac/share/cmake-3.24/Modules/FindMPI/test_mpi.c:1:10: fatal error: 'mpi.h' file not found
#include <mpi.h>
         ^~~~~~~
1 error generated.
ninja: build stopped: subcommand failed.



The MPI test test_mpi for CXX in mode normal failed to compile with the following output:
Change Dir: /Users/mac/CLionProjects/OPP-Projects/lab1-version-1/cmake-build-debug/CMakeFiles/CMakeTmp

Run Build Command(s):/Applications/CLion.app/Contents/bin/ninja/mac/ninja cmTC_c911f && [1/2] Building CXX object CMakeFiles/cmTC_c911f.dir/test_mpi.cpp.o
FAILED: CMakeFiles/cmTC_c911f.dir/test_mpi.cpp.o 
/Library/Developer/CommandLineTools/usr/bin/c++   -isysroot /Library/Developer/CommandLineTools/SDKs/MacOSX11.3.sdk -fcolor-diagnostics -std=gnu++14 -MD -MT CMakeFiles/cmTC_c911f.dir/test_mpi.cpp.o -MF CMakeFiles/cmTC_c911f.dir/test_mpi.cpp.o.d -o CMakeFiles/cmTC_c911f.dir/test_mpi.cpp.o -c /Users/mac/CLionProjects/OPP-Projects/lab1-version-1/cmake-build-debug/CMakeFiles/FindMPI/test_mpi.cpp
/Users/mac/CLionProjects/OPP-Projects/lab1-version-1/cmake-build-debug/CMakeFiles/FindMPI/test_mpi.cpp:1:10: fatal error: 'mpi.h' file not found
#include <mpi.h>
         ^~~~~~~
1 error generated.
ninja: build stopped: subcommand failed.



